<?xml version="1.0" encoding="UTF-8"?>
<!-- Generated by org.testng.reporters.JUnitXMLReporter -->
<testsuite ignored="0" hostname="DESKTOP-CNH57O0" failures="0" tests="3" name="Submit Order Test" time="69.77" errors="0" timestamp="2025-04-07T12:53:02 GMT+01:00">
  <testcase classname="MohamedHafdi.Tests.SubmitOrderTest" name="submitOrder" time="7.107"/>
  <testcase classname="MohamedHafdi.Tests.SubmitOrderTest" name="submitOrder" time="19.863"/>
  <testcase classname="MohamedHafdi.Tests.SubmitOrderTest" name="orderHistoryTest" time="9.308"/>
</testsuite> <!-- Submit Order Test -->
