<?xml version="1.0" encoding="UTF-8"?>
<!-- Generated by org.testng.reporters.JUnitXMLReporter -->
<testsuite ignored="0" hostname="DESKTOP-CNH57O0" failures="0" tests="3" name="Submit Order Test" time="69.143" errors="0" timestamp="2025-04-07T13:17:46 GMT+01:00">
  <testcase classname="MohamedHafdi.Tests.SubmitOrderTest" name="submitOrder" time="18.443"/>
  <testcase classname="MohamedHafdi.Tests.SubmitOrderTest" name="submitOrder" time="9.78"/>
  <testcase classname="MohamedHafdi.Tests.SubmitOrderTest" name="orderHistoryTest" time="3.194"/>
</testsuite> <!-- Submit Order Test -->
